{"uid":"e2478718e1625be3","name":"checkboxTest","fullName":"com.template.project.web.tests.featureflow.CheckBoxTest.checkboxTest","historyId":"2f476c67c4d3b22ac409eaaa2b6e82ec","time":{"start":1676608733137,"stop":1676608733137,"duration":0},"description":"This is a test for handling checkboxes","descriptionHtml":"<p>This is a test for handling checkboxes</p>\n","status":"skipped","statusMessage":"io.github.bonigarcia.wdm.config.WebDriverManagerException: Error HTTP 403 executing https://api.github.com/repos/mozilla/geckodriver/releases","statusTrace":"io.github.bonigarcia.wdm.config.WebDriverManagerException: io.github.bonigarcia.wdm.config.WebDriverManagerException: Error HTTP 403 executing https://api.github.com/repos/mozilla/geckodriver/releases\n\tat io.github.bonigarcia.wdm.WebDriverManager.handleException(WebDriverManager.java:1306)\n\tat io.github.bonigarcia.wdm.WebDriverManager.manage(WebDriverManager.java:1089)\n\tat io.github.bonigarcia.wdm.WebDriverManager.fallback(WebDriverManager.java:1322)\n\tat io.github.bonigarcia.wdm.WebDriverManager.handleException(WebDriverManager.java:1299)\n\tat io.github.bonigarcia.wdm.WebDriverManager.manage(WebDriverManager.java:1089)\n\tat io.github.bonigarcia.wdm.WebDriverManager.setup(WebDriverManager.java:396)\n\tat com.template.project.web.utils.BrowserFactory.setupWebDriverManager(BrowserFactory.java:65)\n\tat com.template.project.web.utils.BrowserFactory.getChromeBrowser(BrowserFactory.java:96)\n\tat com.template.project.web.utils.BrowserFactory.getBrowser(BrowserFactory.java:181)\n\tat com.template.project.web.utils.WebDriverHolder.setDriver(WebDriverHolder.java:23)\n\tat com.template.project.web.tests.common.BaseTest.setUpBrowser(BaseTest.java:25)\n\tat java.base/jdk.internal.reflect.NativeMethodAccessorImpl.invoke0(Native Method)\n\tat java.base/jdk.internal.reflect.NativeMethodAccessorImpl.invoke(NativeMethodAccessorImpl.java:77)\n\tat java.base/jdk.internal.reflect.DelegatingMethodAccessorImpl.invoke(DelegatingMethodAccessorImpl.java:43)\n\tat java.base/java.lang.reflect.Method.invoke(Method.java:568)\n\tat org.testng.internal.invokers.MethodInvocationHelper.invokeMethod(MethodInvocationHelper.java:139)\n\tat org.testng.internal.invokers.MethodInvocationHelper.invokeMethodConsideringTimeout(MethodInvocationHelper.java:69)\n\tat org.testng.internal.invokers.ConfigInvoker.invokeConfigurationMethod(ConfigInvoker.java:361)\n\tat org.testng.internal.invokers.ConfigInvoker.invokeConfigurations(ConfigInvoker.java:296)\n\tat org.testng.internal.invokers.TestInvoker.runConfigMethods(TestInvoker.java:816)\n\tat org.testng.internal.invokers.TestInvoker.invokeMethod(TestInvoker.java:590)\n\tat org.testng.internal.invokers.TestInvoker.invokeTestMethod(TestInvoker.java:221)\n\tat org.testng.internal.invokers.MethodRunner.runInSequence(MethodRunner.java:50)\n\tat org.testng.internal.invokers.TestInvoker$MethodInvocationAgent.invoke(TestInvoker.java:962)\n\tat org.testng.internal.invokers.TestInvoker.invokeTestMethods(TestInvoker.java:194)\n\tat org.testng.internal.invokers.TestMethodWorker.invokeTestMethods(TestMethodWorker.java:148)\n\tat org.testng.internal.invokers.TestMethodWorker.run(TestMethodWorker.java:128)\n\tat java.base/java.util.ArrayList.forEach(ArrayList.java:1511)\n\tat org.testng.TestRunner.privateRun(TestRunner.java:806)\n\tat org.testng.TestRunner.run(TestRunner.java:601)\n\tat org.testng.SuiteRunner.runTest(SuiteRunner.java:433)\n\tat org.testng.SuiteRunner.runSequentially(SuiteRunner.java:427)\n\tat org.testng.SuiteRunner.privateRun(SuiteRunner.java:387)\n\tat org.testng.SuiteRunner.run(SuiteRunner.java:330)\n\tat org.testng.SuiteRunnerWorker.runSuite(SuiteRunnerWorker.java:52)\n\tat org.testng.SuiteRunnerWorker.run(SuiteRunnerWorker.java:95)\n\tat org.testng.TestNG.runSuitesSequentially(TestNG.java:1256)\n\tat org.testng.TestNG.runSuitesLocally(TestNG.java:1176)\n\tat org.testng.TestNG.runSuites(TestNG.java:1099)\n\tat org.testng.TestNG.run(TestNG.java:1067)\n\tat org.apache.maven.surefire.testng.TestNGExecutor.run(TestNGExecutor.java:324)\n\tat org.apache.maven.surefire.testng.TestNGXmlTestSuite.execute(TestNGXmlTestSuite.java:74)\n\tat org.apache.maven.surefire.testng.TestNGProvider.invoke(TestNGProvider.java:123)\n\tat org.apache.maven.surefire.booter.ForkedBooter.runSuitesInProcess(ForkedBooter.java:456)\n\tat org.apache.maven.surefire.booter.ForkedBooter.execute(ForkedBooter.java:169)\n\tat org.apache.maven.surefire.booter.ForkedBooter.run(ForkedBooter.java:595)\n\tat org.apache.maven.surefire.booter.ForkedBooter.main(ForkedBooter.java:581)\nCaused by: io.github.bonigarcia.wdm.config.WebDriverManagerException: Error HTTP 403 executing https://api.github.com/repos/mozilla/geckodriver/releases\n\tat io.github.bonigarcia.wdm.online.HttpClient.execute(HttpClient.java:172)\n\tat io.github.bonigarcia.wdm.WebDriverManager.openGitHubConnection(WebDriverManager.java:1483)\n\tat io.github.bonigarcia.wdm.WebDriverManager.getDriversFromGitHub(WebDriverManager.java:1497)\n\tat io.github.bonigarcia.wdm.managers.FirefoxDriverManager.getDriverUrls(FirefoxDriverManager.java:102)\n\tat io.github.bonigarcia.wdm.WebDriverManager.createUrlHandler(WebDriverManager.java:1327)\n\tat io.github.bonigarcia.wdm.WebDriverManager.download(WebDriverManager.java:1165)\n\tat io.github.bonigarcia.wdm.WebDriverManager.manage(WebDriverManager.java:1083)\n\t... 45 more\n","flaky":false,"newFailed":false,"newBroken":false,"newPassed":false,"retriesCount":0,"retriesStatusChange":false,"beforeStages":[{"name":"setUpBrowser","time":{"start":1676608732838,"stop":1676608732964,"duration":126},"description":"","status":"broken","statusMessage":"io.github.bonigarcia.wdm.config.WebDriverManagerException: Error HTTP 403 executing https://api.github.com/repos/mozilla/geckodriver/releases","statusTrace":"io.github.bonigarcia.wdm.config.WebDriverManagerException: io.github.bonigarcia.wdm.config.WebDriverManagerException: Error HTTP 403 executing https://api.github.com/repos/mozilla/geckodriver/releases\n\tat io.github.bonigarcia.wdm.WebDriverManager.handleException(WebDriverManager.java:1306)\n\tat io.github.bonigarcia.wdm.WebDriverManager.manage(WebDriverManager.java:1089)\n\tat io.github.bonigarcia.wdm.WebDriverManager.fallback(WebDriverManager.java:1322)\n\tat io.github.bonigarcia.wdm.WebDriverManager.handleException(WebDriverManager.java:1299)\n\tat io.github.bonigarcia.wdm.WebDriverManager.manage(WebDriverManager.java:1089)\n\tat io.github.bonigarcia.wdm.WebDriverManager.setup(WebDriverManager.java:396)\n\tat com.template.project.web.utils.BrowserFactory.setupWebDriverManager(BrowserFactory.java:65)\n\tat com.template.project.web.utils.BrowserFactory.getChromeBrowser(BrowserFactory.java:96)\n\tat com.template.project.web.utils.BrowserFactory.getBrowser(BrowserFactory.java:181)\n\tat com.template.project.web.utils.WebDriverHolder.setDriver(WebDriverHolder.java:23)\n\tat com.template.project.web.tests.common.BaseTest.setUpBrowser(BaseTest.java:25)\n\tat java.base/jdk.internal.reflect.NativeMethodAccessorImpl.invoke0(Native Method)\n\tat java.base/jdk.internal.reflect.NativeMethodAccessorImpl.invoke(NativeMethodAccessorImpl.java:77)\n\tat java.base/jdk.internal.reflect.DelegatingMethodAccessorImpl.invoke(DelegatingMethodAccessorImpl.java:43)\n\tat java.base/java.lang.reflect.Method.invoke(Method.java:568)\n\tat org.testng.internal.invokers.MethodInvocationHelper.invokeMethod(MethodInvocationHelper.java:139)\n\tat org.testng.internal.invokers.MethodInvocationHelper.invokeMethodConsideringTimeout(MethodInvocationHelper.java:69)\n\tat org.testng.internal.invokers.ConfigInvoker.invokeConfigurationMethod(ConfigInvoker.java:361)\n\tat org.testng.internal.invokers.ConfigInvoker.invokeConfigurations(ConfigInvoker.java:296)\n\tat org.testng.internal.invokers.TestInvoker.runConfigMethods(TestInvoker.java:816)\n\tat org.testng.internal.invokers.TestInvoker.invokeMethod(TestInvoker.java:590)\n\tat org.testng.internal.invokers.TestInvoker.invokeTestMethod(TestInvoker.java:221)\n\tat org.testng.internal.invokers.MethodRunner.runInSequence(MethodRunner.java:50)\n\tat org.testng.internal.invokers.TestInvoker$MethodInvocationAgent.invoke(TestInvoker.java:962)\n\tat org.testng.internal.invokers.TestInvoker.invokeTestMethods(TestInvoker.java:194)\n\tat org.testng.internal.invokers.TestMethodWorker.invokeTestMethods(TestMethodWorker.java:148)\n\tat org.testng.internal.invokers.TestMethodWorker.run(TestMethodWorker.java:128)\n\tat java.base/java.util.ArrayList.forEach(ArrayList.java:1511)\n\tat org.testng.TestRunner.privateRun(TestRunner.java:806)\n\tat org.testng.TestRunner.run(TestRunner.java:601)\n\tat org.testng.SuiteRunner.runTest(SuiteRunner.java:433)\n\tat org.testng.SuiteRunner.runSequentially(SuiteRunner.java:427)\n\tat org.testng.SuiteRunner.privateRun(SuiteRunner.java:387)\n\tat org.testng.SuiteRunner.run(SuiteRunner.java:330)\n\tat org.testng.SuiteRunnerWorker.runSuite(SuiteRunnerWorker.java:52)\n\tat org.testng.SuiteRunnerWorker.run(SuiteRunnerWorker.java:95)\n\tat org.testng.TestNG.runSuitesSequentially(TestNG.java:1256)\n\tat org.testng.TestNG.runSuitesLocally(TestNG.java:1176)\n\tat org.testng.TestNG.runSuites(TestNG.java:1099)\n\tat org.testng.TestNG.run(TestNG.java:1067)\n\tat org.apache.maven.surefire.testng.TestNGExecutor.run(TestNGExecutor.java:324)\n\tat org.apache.maven.surefire.testng.TestNGXmlTestSuite.execute(TestNGXmlTestSuite.java:74)\n\tat org.apache.maven.surefire.testng.TestNGProvider.invoke(TestNGProvider.java:123)\n\tat org.apache.maven.surefire.booter.ForkedBooter.runSuitesInProcess(ForkedBooter.java:456)\n\tat org.apache.maven.surefire.booter.ForkedBooter.execute(ForkedBooter.java:169)\n\tat org.apache.maven.surefire.booter.ForkedBooter.run(ForkedBooter.java:595)\n\tat org.apache.maven.surefire.booter.ForkedBooter.main(ForkedBooter.java:581)\nCaused by: io.github.bonigarcia.wdm.config.WebDriverManagerException: Error HTTP 403 executing https://api.github.com/repos/mozilla/geckodriver/releases\n\tat io.github.bonigarcia.wdm.online.HttpClient.execute(HttpClient.java:172)\n\tat io.github.bonigarcia.wdm.WebDriverManager.openGitHubConnection(WebDriverManager.java:1483)\n\tat io.github.bonigarcia.wdm.WebDriverManager.getDriversFromGitHub(WebDriverManager.java:1497)\n\tat io.github.bonigarcia.wdm.managers.FirefoxDriverManager.getDriverUrls(FirefoxDriverManager.java:102)\n\tat io.github.bonigarcia.wdm.WebDriverManager.createUrlHandler(WebDriverManager.java:1327)\n\tat io.github.bonigarcia.wdm.WebDriverManager.download(WebDriverManager.java:1165)\n\tat io.github.bonigarcia.wdm.WebDriverManager.manage(WebDriverManager.java:1083)\n\t... 45 more\n","steps":[],"attachments":[],"parameters":[],"stepsCount":0,"attachmentsCount":0,"shouldDisplayMessage":true,"hasContent":true},{"name":"setup","time":{"start":1676608732989,"stop":1676608733117,"duration":128},"description":"","status":"broken","statusMessage":"Cannot invoke \"org.openqa.selenium.WebDriver.get(String)\" because the return value of \"com.template.project.web.utils.WebDriverHolder.getDriver()\" is null","statusTrace":"java.lang.NullPointerException: Cannot invoke \"org.openqa.selenium.WebDriver.get(String)\" because the return value of \"com.template.project.web.utils.WebDriverHolder.getDriver()\" is null\n\tat com.template.project.web.utils.SeleniumUtils.openPage(SeleniumUtils.java:402)\n\tat com.template.project.web.tests.featureflow.CheckBoxTest.setup(CheckBoxTest.java:26)\n\tat java.base/jdk.internal.reflect.NativeMethodAccessorImpl.invoke0(Native Method)\n\tat java.base/jdk.internal.reflect.NativeMethodAccessorImpl.invoke(NativeMethodAccessorImpl.java:77)\n\tat java.base/jdk.internal.reflect.DelegatingMethodAccessorImpl.invoke(DelegatingMethodAccessorImpl.java:43)\n\tat java.base/java.lang.reflect.Method.invoke(Method.java:568)\n\tat org.testng.internal.invokers.MethodInvocationHelper.invokeMethod(MethodInvocationHelper.java:139)\n\tat org.testng.internal.invokers.MethodInvocationHelper.invokeMethodConsideringTimeout(MethodInvocationHelper.java:69)\n\tat org.testng.internal.invokers.ConfigInvoker.invokeConfigurationMethod(ConfigInvoker.java:361)\n\tat org.testng.internal.invokers.ConfigInvoker.invokeConfigurations(ConfigInvoker.java:296)\n\tat org.testng.internal.invokers.TestInvoker.runConfigMethods(TestInvoker.java:816)\n\tat org.testng.internal.invokers.TestInvoker.invokeMethod(TestInvoker.java:590)\n\tat org.testng.internal.invokers.TestInvoker.invokeTestMethod(TestInvoker.java:221)\n\tat org.testng.internal.invokers.MethodRunner.runInSequence(MethodRunner.java:50)\n\tat org.testng.internal.invokers.TestInvoker$MethodInvocationAgent.invoke(TestInvoker.java:962)\n\tat org.testng.internal.invokers.TestInvoker.invokeTestMethods(TestInvoker.java:194)\n\tat org.testng.internal.invokers.TestMethodWorker.invokeTestMethods(TestMethodWorker.java:148)\n\tat org.testng.internal.invokers.TestMethodWorker.run(TestMethodWorker.java:128)\n\tat java.base/java.util.ArrayList.forEach(ArrayList.java:1511)\n\tat org.testng.TestRunner.privateRun(TestRunner.java:806)\n\tat org.testng.TestRunner.run(TestRunner.java:601)\n\tat org.testng.SuiteRunner.runTest(SuiteRunner.java:433)\n\tat org.testng.SuiteRunner.runSequentially(SuiteRunner.java:427)\n\tat org.testng.SuiteRunner.privateRun(SuiteRunner.java:387)\n\tat org.testng.SuiteRunner.run(SuiteRunner.java:330)\n\tat org.testng.SuiteRunnerWorker.runSuite(SuiteRunnerWorker.java:52)\n\tat org.testng.SuiteRunnerWorker.run(SuiteRunnerWorker.java:95)\n\tat org.testng.TestNG.runSuitesSequentially(TestNG.java:1256)\n\tat org.testng.TestNG.runSuitesLocally(TestNG.java:1176)\n\tat org.testng.TestNG.runSuites(TestNG.java:1099)\n\tat org.testng.TestNG.run(TestNG.java:1067)\n\tat org.apache.maven.surefire.testng.TestNGExecutor.run(TestNGExecutor.java:324)\n\tat org.apache.maven.surefire.testng.TestNGXmlTestSuite.execute(TestNGXmlTestSuite.java:74)\n\tat org.apache.maven.surefire.testng.TestNGProvider.invoke(TestNGProvider.java:123)\n\tat org.apache.maven.surefire.booter.ForkedBooter.runSuitesInProcess(ForkedBooter.java:456)\n\tat org.apache.maven.surefire.booter.ForkedBooter.execute(ForkedBooter.java:169)\n\tat org.apache.maven.surefire.booter.ForkedBooter.run(ForkedBooter.java:595)\n\tat org.apache.maven.surefire.booter.ForkedBooter.main(ForkedBooter.java:581)\n","steps":[],"attachments":[],"parameters":[],"stepsCount":0,"attachmentsCount":0,"shouldDisplayMessage":true,"hasContent":true}],"afterStages":[{"name":"tearDown","time":{"start":1676608733138,"stop":1676608733139,"duration":1},"description":"","status":"passed","steps":[],"attachments":[],"parameters":[],"stepsCount":0,"attachmentsCount":0,"shouldDisplayMessage":false,"hasContent":false}],"labels":[{"name":"package","value":"com.template.project.web.tests.featureflow.CheckBoxTest"},{"name":"testClass","value":"com.template.project.web.tests.featureflow.CheckBoxTest"},{"name":"testMethod","value":"checkboxTest"},{"name":"parentSuite","value":"Complete Suite"},{"name":"suite","value":"Chrome Tests"},{"name":"subSuite","value":"com.template.project.web.tests.featureflow.CheckBoxTest"},{"name":"host","value":"fv-az173-788"},{"name":"thread","value":"4183@fv-az173-788.main(1)"},{"name":"framework","value":"testng"},{"name":"language","value":"java"},{"name":"feature","value":"Herokuapp"},{"name":"story","value":"Herokuapp checkbox"},{"name":"severity","value":"minor"},{"name":"resultFormat","value":"allure2"}],"parameters":[{"name":"browserName","value":"chrome"}],"links":[],"hidden":false,"retry":false,"extra":{"severity":"minor","retries":[],"categories":[],"history":{"statistic":{"failed":0,"broken":0,"skipped":2,"passed":23,"unknown":0,"total":25},"items":[{"uid":"a96f33d56fa52f2d","reportUrl":"https://ParthibanRajasekaran.github.io/selenium-testng-pageobject-allure/21//#testresult/a96f33d56fa52f2d","status":"passed","time":{"start":1676522380773,"stop":1676522381714,"duration":941}},{"uid":"36ddde2a7a43619a","reportUrl":"https://ParthibanRajasekaran.github.io/selenium-testng-pageobject-allure/20//#testresult/36ddde2a7a43619a","status":"passed","time":{"start":1676435936421,"stop":1676435937322,"duration":901}},{"uid":"13753a62957e3ffe","reportUrl":"https://ParthibanRajasekaran.github.io/selenium-testng-pageobject-allure/19//#testresult/13753a62957e3ffe","status":"passed","time":{"start":1676349613821,"stop":1676349614694,"duration":873}},{"uid":"d6dc5cd840398783","reportUrl":"https://ParthibanRajasekaran.github.io/selenium-testng-pageobject-allure/18//#testresult/d6dc5cd840398783","status":"passed","time":{"start":1676263176802,"stop":1676263177844,"duration":1042}},{"uid":"d29f688958c20a0f","reportUrl":"https://ParthibanRajasekaran.github.io/selenium-testng-pageobject-allure/17//#testresult/d29f688958c20a0f","status":"skipped","statusDetails":"Cannot invoke \"org.openqa.selenium.WebDriver.get(String)\" because the return value of \"com.template.project.web.utils.WebDriverHolder.getDriver()\" is null","time":{"start":1676176671637,"stop":1676176671637,"duration":0}},{"uid":"d811de66b0e2d932","reportUrl":"https://ParthibanRajasekaran.github.io/selenium-testng-pageobject-allure/16//#testresult/d811de66b0e2d932","status":"passed","time":{"start":1676090296396,"stop":1676090297273,"duration":877}},{"uid":"7e63644b19c563ef","reportUrl":"https://ParthibanRajasekaran.github.io/selenium-testng-pageobject-allure/15//#testresult/7e63644b19c563ef","status":"passed","time":{"start":1676003964548,"stop":1676003965434,"duration":886}},{"uid":"3d70736b1fcefb0b","reportUrl":"https://ParthibanRajasekaran.github.io/selenium-testng-pageobject-allure/14//#testresult/3d70736b1fcefb0b","status":"passed","time":{"start":1675917545613,"stop":1675917546694,"duration":1081}},{"uid":"2f9f88e78eb926ca","reportUrl":"https://ParthibanRajasekaran.github.io/selenium-testng-pageobject-allure/13//#testresult/2f9f88e78eb926ca","status":"passed","time":{"start":1675831174946,"stop":1675831175783,"duration":837}},{"uid":"ea53f7abfe469a2f","reportUrl":"https://ParthibanRajasekaran.github.io/selenium-testng-pageobject-allure/12//#testresult/ea53f7abfe469a2f","status":"passed","time":{"start":1675744701026,"stop":1675744701852,"duration":826}},{"uid":"e199c9a339eada22","reportUrl":"https://ParthibanRajasekaran.github.io/selenium-testng-pageobject-allure/11//#testresult/e199c9a339eada22","status":"passed","time":{"start":1675658344803,"stop":1675658345923,"duration":1120}},{"uid":"f63733628a43d193","reportUrl":"https://ParthibanRajasekaran.github.io/selenium-testng-pageobject-allure/10//#testresult/f63733628a43d193","status":"passed","time":{"start":1675571892327,"stop":1675571893381,"duration":1054}},{"uid":"8b8820b780db84a4","reportUrl":"https://ParthibanRajasekaran.github.io/selenium-testng-pageobject-allure/9//#testresult/8b8820b780db84a4","status":"passed","time":{"start":1675485442370,"stop":1675485443225,"duration":855}},{"uid":"e4e5d504ce226beb","reportUrl":"https://ParthibanRajasekaran.github.io/selenium-testng-pageobject-allure/8//#testresult/e4e5d504ce226beb","status":"passed","time":{"start":1675453599929,"stop":1675453601076,"duration":1147}},{"uid":"ee7cc713c9bb413e","reportUrl":"https://ParthibanRajasekaran.github.io/selenium-testng-pageobject-allure/7//#testresult/ee7cc713c9bb413e","status":"passed","time":{"start":1675452842453,"stop":1675452843391,"duration":938}},{"uid":"7bf32af997ba32a6","reportUrl":"https://ParthibanRajasekaran.github.io/selenium-testng-pageobject-allure/6//#testresult/7bf32af997ba32a6","status":"passed","time":{"start":1675399157927,"stop":1675399158979,"duration":1052}},{"uid":"8d5a8775e7199d0","reportUrl":"https://ParthibanRajasekaran.github.io/selenium-testng-pageobject-allure/5//#testresult/8d5a8775e7199d0","status":"passed","time":{"start":1675312738774,"stop":1675312739668,"duration":894}},{"uid":"e9059c36aa3ad150","reportUrl":"https://ParthibanRajasekaran.github.io/selenium-testng-pageobject-allure/4//#testresult/e9059c36aa3ad150","status":"passed","time":{"start":1675226329132,"stop":1675226330025,"duration":893}},{"uid":"cd8c31be4c91da45","reportUrl":"https://ParthibanRajasekaran.github.io/selenium-testng-pageobject-allure/3//#testresult/cd8c31be4c91da45","status":"passed","time":{"start":1675139864073,"stop":1675139865002,"duration":929}},{"uid":"f630c639772d7ef0","reportUrl":"https://ParthibanRajasekaran.github.io/selenium-testng-pageobject-allure/2//#testresult/f630c639772d7ef0","status":"passed","time":{"start":1675099710036,"stop":1675099710933,"duration":897}}]},"tags":[]},"source":"e2478718e1625be3.json","parameterValues":["chrome"]}