{"uid":"bdfdffe85d89b292","name":"keyPressTest","fullName":"com.template.project.web.tests.featureflow.KeyPressTest.keyPressTest","historyId":"930afa266a05e9eed3dd0df17f4bfe90","time":{"start":1675312740538,"stop":1675312740538,"duration":0},"status":"skipped","statusMessage":"io.github.bonigarcia.wdm.config.WebDriverManagerException: Error HTTP 403 executing https://api.github.com/repos/SeleniumHQ/selenium/releases","statusTrace":"io.github.bonigarcia.wdm.config.WebDriverManagerException: io.github.bonigarcia.wdm.config.WebDriverManagerException: Error HTTP 403 executing https://api.github.com/repos/SeleniumHQ/selenium/releases\n\tat io.github.bonigarcia.wdm.WebDriverManager.handleException(WebDriverManager.java:1306)\n\tat io.github.bonigarcia.wdm.WebDriverManager.manage(WebDriverManager.java:1089)\n\tat io.github.bonigarcia.wdm.WebDriverManager.fallback(WebDriverManager.java:1322)\n\tat io.github.bonigarcia.wdm.WebDriverManager.handleException(WebDriverManager.java:1299)\n\tat io.github.bonigarcia.wdm.WebDriverManager.manage(WebDriverManager.java:1089)\n\tat io.github.bonigarcia.wdm.WebDriverManager.setup(WebDriverManager.java:396)\n\tat com.template.project.web.utils.BrowserFactory.setupWebDriverManager(BrowserFactory.java:66)\n\tat com.template.project.web.utils.BrowserFactory.getChromeBrowser(BrowserFactory.java:96)\n\tat com.template.project.web.utils.BrowserFactory.getBrowser(BrowserFactory.java:181)\n\tat com.template.project.web.utils.WebDriverHolder.setDriver(WebDriverHolder.java:23)\n\tat com.template.project.web.tests.common.BaseTest.setUpBrowser(BaseTest.java:25)\n\tat java.base/jdk.internal.reflect.NativeMethodAccessorImpl.invoke0(Native Method)\n\tat java.base/jdk.internal.reflect.NativeMethodAccessorImpl.invoke(NativeMethodAccessorImpl.java:77)\n\tat java.base/jdk.internal.reflect.DelegatingMethodAccessorImpl.invoke(DelegatingMethodAccessorImpl.java:43)\n\tat java.base/java.lang.reflect.Method.invoke(Method.java:568)\n\tat org.testng.internal.invokers.MethodInvocationHelper.invokeMethod(MethodInvocationHelper.java:139)\n\tat org.testng.internal.invokers.MethodInvocationHelper.invokeMethodConsideringTimeout(MethodInvocationHelper.java:69)\n\tat org.testng.internal.invokers.ConfigInvoker.invokeConfigurationMethod(ConfigInvoker.java:361)\n\tat org.testng.internal.invokers.ConfigInvoker.invokeConfigurations(ConfigInvoker.java:296)\n\tat org.testng.internal.invokers.TestInvoker.runConfigMethods(TestInvoker.java:816)\n\tat org.testng.internal.invokers.TestInvoker.invokeMethod(TestInvoker.java:590)\n\tat org.testng.internal.invokers.TestInvoker.invokeTestMethod(TestInvoker.java:221)\n\tat org.testng.internal.invokers.MethodRunner.runInSequence(MethodRunner.java:50)\n\tat org.testng.internal.invokers.TestInvoker$MethodInvocationAgent.invoke(TestInvoker.java:962)\n\tat org.testng.internal.invokers.TestInvoker.invokeTestMethods(TestInvoker.java:194)\n\tat org.testng.internal.invokers.TestMethodWorker.invokeTestMethods(TestMethodWorker.java:148)\n\tat org.testng.internal.invokers.TestMethodWorker.run(TestMethodWorker.java:128)\n\tat java.base/java.util.ArrayList.forEach(ArrayList.java:1511)\n\tat org.testng.TestRunner.privateRun(TestRunner.java:806)\n\tat org.testng.TestRunner.run(TestRunner.java:601)\n\tat org.testng.SuiteRunner.runTest(SuiteRunner.java:433)\n\tat org.testng.SuiteRunner.runSequentially(SuiteRunner.java:427)\n\tat org.testng.SuiteRunner.privateRun(SuiteRunner.java:387)\n\tat org.testng.SuiteRunner.run(SuiteRunner.java:330)\n\tat org.testng.SuiteRunnerWorker.runSuite(SuiteRunnerWorker.java:52)\n\tat org.testng.SuiteRunnerWorker.run(SuiteRunnerWorker.java:95)\n\tat org.testng.TestNG.runSuitesSequentially(TestNG.java:1256)\n\tat org.testng.TestNG.runSuitesLocally(TestNG.java:1176)\n\tat org.testng.TestNG.runSuites(TestNG.java:1099)\n\tat org.testng.TestNG.run(TestNG.java:1067)\n\tat org.apache.maven.surefire.testng.TestNGExecutor.run(TestNGExecutor.java:324)\n\tat org.apache.maven.surefire.testng.TestNGXmlTestSuite.execute(TestNGXmlTestSuite.java:74)\n\tat org.apache.maven.surefire.testng.TestNGProvider.invoke(TestNGProvider.java:123)\n\tat org.apache.maven.surefire.booter.ForkedBooter.runSuitesInProcess(ForkedBooter.java:456)\n\tat org.apache.maven.surefire.booter.ForkedBooter.execute(ForkedBooter.java:169)\n\tat org.apache.maven.surefire.booter.ForkedBooter.run(ForkedBooter.java:595)\n\tat org.apache.maven.surefire.booter.ForkedBooter.main(ForkedBooter.java:581)\nCaused by: io.github.bonigarcia.wdm.config.WebDriverManagerException: Error HTTP 403 executing https://api.github.com/repos/SeleniumHQ/selenium/releases\n\tat io.github.bonigarcia.wdm.online.HttpClient.execute(HttpClient.java:172)\n\tat io.github.bonigarcia.wdm.WebDriverManager.openGitHubConnection(WebDriverManager.java:1483)\n\tat io.github.bonigarcia.wdm.WebDriverManager.getDriversFromGitHub(WebDriverManager.java:1497)\n\tat io.github.bonigarcia.wdm.managers.InternetExplorerDriverManager.getDriverUrls(InternetExplorerDriverManager.java:98)\n\tat io.github.bonigarcia.wdm.WebDriverManager.createUrlHandler(WebDriverManager.java:1327)\n\tat io.github.bonigarcia.wdm.WebDriverManager.download(WebDriverManager.java:1165)\n\tat io.github.bonigarcia.wdm.WebDriverManager.manage(WebDriverManager.java:1083)\n\t... 45 more\n","flaky":false,"newFailed":false,"newBroken":false,"newPassed":false,"retriesCount":0,"retriesStatusChange":false,"beforeStages":[{"name":"setUpBrowser","time":{"start":1675312740162,"stop":1675312740519,"duration":357},"description":"","status":"broken","statusMessage":"io.github.bonigarcia.wdm.config.WebDriverManagerException: Error HTTP 403 executing https://api.github.com/repos/SeleniumHQ/selenium/releases","statusTrace":"io.github.bonigarcia.wdm.config.WebDriverManagerException: io.github.bonigarcia.wdm.config.WebDriverManagerException: Error HTTP 403 executing https://api.github.com/repos/SeleniumHQ/selenium/releases\n\tat io.github.bonigarcia.wdm.WebDriverManager.handleException(WebDriverManager.java:1306)\n\tat io.github.bonigarcia.wdm.WebDriverManager.manage(WebDriverManager.java:1089)\n\tat io.github.bonigarcia.wdm.WebDriverManager.fallback(WebDriverManager.java:1322)\n\tat io.github.bonigarcia.wdm.WebDriverManager.handleException(WebDriverManager.java:1299)\n\tat io.github.bonigarcia.wdm.WebDriverManager.manage(WebDriverManager.java:1089)\n\tat io.github.bonigarcia.wdm.WebDriverManager.setup(WebDriverManager.java:396)\n\tat com.template.project.web.utils.BrowserFactory.setupWebDriverManager(BrowserFactory.java:66)\n\tat com.template.project.web.utils.BrowserFactory.getChromeBrowser(BrowserFactory.java:96)\n\tat com.template.project.web.utils.BrowserFactory.getBrowser(BrowserFactory.java:181)\n\tat com.template.project.web.utils.WebDriverHolder.setDriver(WebDriverHolder.java:23)\n\tat com.template.project.web.tests.common.BaseTest.setUpBrowser(BaseTest.java:25)\n\tat java.base/jdk.internal.reflect.NativeMethodAccessorImpl.invoke0(Native Method)\n\tat java.base/jdk.internal.reflect.NativeMethodAccessorImpl.invoke(NativeMethodAccessorImpl.java:77)\n\tat java.base/jdk.internal.reflect.DelegatingMethodAccessorImpl.invoke(DelegatingMethodAccessorImpl.java:43)\n\tat java.base/java.lang.reflect.Method.invoke(Method.java:568)\n\tat org.testng.internal.invokers.MethodInvocationHelper.invokeMethod(MethodInvocationHelper.java:139)\n\tat org.testng.internal.invokers.MethodInvocationHelper.invokeMethodConsideringTimeout(MethodInvocationHelper.java:69)\n\tat org.testng.internal.invokers.ConfigInvoker.invokeConfigurationMethod(ConfigInvoker.java:361)\n\tat org.testng.internal.invokers.ConfigInvoker.invokeConfigurations(ConfigInvoker.java:296)\n\tat org.testng.internal.invokers.TestInvoker.runConfigMethods(TestInvoker.java:816)\n\tat org.testng.internal.invokers.TestInvoker.invokeMethod(TestInvoker.java:590)\n\tat org.testng.internal.invokers.TestInvoker.invokeTestMethod(TestInvoker.java:221)\n\tat org.testng.internal.invokers.MethodRunner.runInSequence(MethodRunner.java:50)\n\tat org.testng.internal.invokers.TestInvoker$MethodInvocationAgent.invoke(TestInvoker.java:962)\n\tat org.testng.internal.invokers.TestInvoker.invokeTestMethods(TestInvoker.java:194)\n\tat org.testng.internal.invokers.TestMethodWorker.invokeTestMethods(TestMethodWorker.java:148)\n\tat org.testng.internal.invokers.TestMethodWorker.run(TestMethodWorker.java:128)\n\tat java.base/java.util.ArrayList.forEach(ArrayList.java:1511)\n\tat org.testng.TestRunner.privateRun(TestRunner.java:806)\n\tat org.testng.TestRunner.run(TestRunner.java:601)\n\tat org.testng.SuiteRunner.runTest(SuiteRunner.java:433)\n\tat org.testng.SuiteRunner.runSequentially(SuiteRunner.java:427)\n\tat org.testng.SuiteRunner.privateRun(SuiteRunner.java:387)\n\tat org.testng.SuiteRunner.run(SuiteRunner.java:330)\n\tat org.testng.SuiteRunnerWorker.runSuite(SuiteRunnerWorker.java:52)\n\tat org.testng.SuiteRunnerWorker.run(SuiteRunnerWorker.java:95)\n\tat org.testng.TestNG.runSuitesSequentially(TestNG.java:1256)\n\tat org.testng.TestNG.runSuitesLocally(TestNG.java:1176)\n\tat org.testng.TestNG.runSuites(TestNG.java:1099)\n\tat org.testng.TestNG.run(TestNG.java:1067)\n\tat org.apache.maven.surefire.testng.TestNGExecutor.run(TestNGExecutor.java:324)\n\tat org.apache.maven.surefire.testng.TestNGXmlTestSuite.execute(TestNGXmlTestSuite.java:74)\n\tat org.apache.maven.surefire.testng.TestNGProvider.invoke(TestNGProvider.java:123)\n\tat org.apache.maven.surefire.booter.ForkedBooter.runSuitesInProcess(ForkedBooter.java:456)\n\tat org.apache.maven.surefire.booter.ForkedBooter.execute(ForkedBooter.java:169)\n\tat org.apache.maven.surefire.booter.ForkedBooter.run(ForkedBooter.java:595)\n\tat org.apache.maven.surefire.booter.ForkedBooter.main(ForkedBooter.java:581)\nCaused by: io.github.bonigarcia.wdm.config.WebDriverManagerException: Error HTTP 403 executing https://api.github.com/repos/SeleniumHQ/selenium/releases\n\tat io.github.bonigarcia.wdm.online.HttpClient.execute(HttpClient.java:172)\n\tat io.github.bonigarcia.wdm.WebDriverManager.openGitHubConnection(WebDriverManager.java:1483)\n\tat io.github.bonigarcia.wdm.WebDriverManager.getDriversFromGitHub(WebDriverManager.java:1497)\n\tat io.github.bonigarcia.wdm.managers.InternetExplorerDriverManager.getDriverUrls(InternetExplorerDriverManager.java:98)\n\tat io.github.bonigarcia.wdm.WebDriverManager.createUrlHandler(WebDriverManager.java:1327)\n\tat io.github.bonigarcia.wdm.WebDriverManager.download(WebDriverManager.java:1165)\n\tat io.github.bonigarcia.wdm.WebDriverManager.manage(WebDriverManager.java:1083)\n\t... 45 more\n","steps":[],"attachments":[],"parameters":[],"stepsCount":0,"attachmentsCount":0,"shouldDisplayMessage":true,"hasContent":true},{"name":"setup","time":{"start":1675312740527,"stop":1675312740528,"duration":1},"description":"","status":"broken","statusMessage":"Cannot invoke \"org.openqa.selenium.WebDriver.get(String)\" because the return value of \"com.template.project.web.utils.WebDriverHolder.getDriver()\" is null","statusTrace":"java.lang.NullPointerException: Cannot invoke \"org.openqa.selenium.WebDriver.get(String)\" because the return value of \"com.template.project.web.utils.WebDriverHolder.getDriver()\" is null\n\tat com.template.project.web.utils.SeleniumUtils.openPage(SeleniumUtils.java:402)\n\tat com.template.project.web.tests.featureflow.KeyPressTest.setup(KeyPressTest.java:29)\n\tat java.base/jdk.internal.reflect.NativeMethodAccessorImpl.invoke0(Native Method)\n\tat java.base/jdk.internal.reflect.NativeMethodAccessorImpl.invoke(NativeMethodAccessorImpl.java:77)\n\tat java.base/jdk.internal.reflect.DelegatingMethodAccessorImpl.invoke(DelegatingMethodAccessorImpl.java:43)\n\tat java.base/java.lang.reflect.Method.invoke(Method.java:568)\n\tat org.testng.internal.invokers.MethodInvocationHelper.invokeMethod(MethodInvocationHelper.java:139)\n\tat org.testng.internal.invokers.MethodInvocationHelper.invokeMethodConsideringTimeout(MethodInvocationHelper.java:69)\n\tat org.testng.internal.invokers.ConfigInvoker.invokeConfigurationMethod(ConfigInvoker.java:361)\n\tat org.testng.internal.invokers.ConfigInvoker.invokeConfigurations(ConfigInvoker.java:296)\n\tat org.testng.internal.invokers.TestInvoker.runConfigMethods(TestInvoker.java:816)\n\tat org.testng.internal.invokers.TestInvoker.invokeMethod(TestInvoker.java:590)\n\tat org.testng.internal.invokers.TestInvoker.invokeTestMethod(TestInvoker.java:221)\n\tat org.testng.internal.invokers.MethodRunner.runInSequence(MethodRunner.java:50)\n\tat org.testng.internal.invokers.TestInvoker$MethodInvocationAgent.invoke(TestInvoker.java:962)\n\tat org.testng.internal.invokers.TestInvoker.invokeTestMethods(TestInvoker.java:194)\n\tat org.testng.internal.invokers.TestMethodWorker.invokeTestMethods(TestMethodWorker.java:148)\n\tat org.testng.internal.invokers.TestMethodWorker.run(TestMethodWorker.java:128)\n\tat java.base/java.util.ArrayList.forEach(ArrayList.java:1511)\n\tat org.testng.TestRunner.privateRun(TestRunner.java:806)\n\tat org.testng.TestRunner.run(TestRunner.java:601)\n\tat org.testng.SuiteRunner.runTest(SuiteRunner.java:433)\n\tat org.testng.SuiteRunner.runSequentially(SuiteRunner.java:427)\n\tat org.testng.SuiteRunner.privateRun(SuiteRunner.java:387)\n\tat org.testng.SuiteRunner.run(SuiteRunner.java:330)\n\tat org.testng.SuiteRunnerWorker.runSuite(SuiteRunnerWorker.java:52)\n\tat org.testng.SuiteRunnerWorker.run(SuiteRunnerWorker.java:95)\n\tat org.testng.TestNG.runSuitesSequentially(TestNG.java:1256)\n\tat org.testng.TestNG.runSuitesLocally(TestNG.java:1176)\n\tat org.testng.TestNG.runSuites(TestNG.java:1099)\n\tat org.testng.TestNG.run(TestNG.java:1067)\n\tat org.apache.maven.surefire.testng.TestNGExecutor.run(TestNGExecutor.java:324)\n\tat org.apache.maven.surefire.testng.TestNGXmlTestSuite.execute(TestNGXmlTestSuite.java:74)\n\tat org.apache.maven.surefire.testng.TestNGProvider.invoke(TestNGProvider.java:123)\n\tat org.apache.maven.surefire.booter.ForkedBooter.runSuitesInProcess(ForkedBooter.java:456)\n\tat org.apache.maven.surefire.booter.ForkedBooter.execute(ForkedBooter.java:169)\n\tat org.apache.maven.surefire.booter.ForkedBooter.run(ForkedBooter.java:595)\n\tat org.apache.maven.surefire.booter.ForkedBooter.main(ForkedBooter.java:581)\n","steps":[],"attachments":[],"parameters":[],"stepsCount":0,"attachmentsCount":0,"shouldDisplayMessage":true,"hasContent":true}],"afterStages":[{"name":"tearDown","time":{"start":1675312740539,"stop":1675312740540,"duration":1},"description":"","status":"passed","steps":[],"attachments":[],"parameters":[],"stepsCount":0,"attachmentsCount":0,"shouldDisplayMessage":false,"hasContent":false}],"labels":[{"name":"package","value":"com.template.project.web.tests.featureflow.KeyPressTest"},{"name":"testClass","value":"com.template.project.web.tests.featureflow.KeyPressTest"},{"name":"testMethod","value":"keyPressTest"},{"name":"parentSuite","value":"Complete Suite"},{"name":"suite","value":"Chrome Tests"},{"name":"subSuite","value":"com.template.project.web.tests.featureflow.KeyPressTest"},{"name":"host","value":"fv-az434-470"},{"name":"thread","value":"4386@fv-az434-470.main(1)"},{"name":"framework","value":"testng"},{"name":"language","value":"java"},{"name":"story","value":"Herokuapp Key Press"},{"name":"feature","value":"Herokuapp"},{"name":"resultFormat","value":"allure2"}],"parameters":[{"name":"arg0","value":"1"},{"name":"arg1","value":"1"},{"name":"browserName","value":"chrome"}],"links":[],"hidden":false,"retry":false,"extra":{"severity":"normal","retries":[],"categories":[],"history":{"statistic":{"failed":0,"broken":0,"skipped":1,"passed":7,"unknown":0,"total":8},"items":[{"uid":"2e7351186e5ac659","reportUrl":"https://ParthibanRajasekaran.github.io/selenium-testng-pageobject-allure/4//#testresult/2e7351186e5ac659","status":"passed","time":{"start":1675226357926,"stop":1675226358108,"duration":182}},{"uid":"687347001b3142a0","reportUrl":"https://ParthibanRajasekaran.github.io/selenium-testng-pageobject-allure/3//#testresult/687347001b3142a0","status":"passed","time":{"start":1675139893768,"stop":1675139893991,"duration":223}},{"uid":"42db7abab0ec1cc4","reportUrl":"https://ParthibanRajasekaran.github.io/selenium-testng-pageobject-allure/2//#testresult/42db7abab0ec1cc4","status":"passed","time":{"start":1675099739655,"stop":1675099739828,"duration":173}},{"uid":"5b4b030c5f0051b","reportUrl":"https://ParthibanRajasekaran.github.io/selenium-testng-pageobject-allure/1//#testresult/5b4b030c5f0051b","status":"passed","time":{"start":1675099632770,"stop":1675099633034,"duration":264}},{"uid":"c5ebe690e2d61e83","reportUrl":"https://ParthibanRajasekaran.github.io/selenium-testng-pageobject-allure/5//#testresult/c5ebe690e2d61e83","status":"passed","time":{"start":1675099585230,"stop":1675099585460,"duration":230}},{"uid":"28c7d3d93d614b58","reportUrl":"https://ParthibanRajasekaran.github.io/selenium-testng-pageobject-allure/4//#testresult/28c7d3d93d614b58","status":"passed","time":{"start":1675099005869,"stop":1675099006091,"duration":222}},{"uid":"8529d63763e96dd9","reportUrl":"https://ParthibanRajasekaran.github.io/selenium-testng-pageobject-allure/3//#testresult/8529d63763e96dd9","status":"passed","time":{"start":1675098015911,"stop":1675098016154,"duration":243}}]},"tags":[]},"source":"bdfdffe85d89b292.json","parameterValues":["1","1","chrome"]}