{"uid":"477b34a49f5f6f77","name":"keyPressTest","fullName":"com.template.project.web.tests.featureflow.KeyPressTest.keyPressTest","historyId":"9653f62ec53dca6292ba5a0bc0fd65d2","time":{"start":1676176672115,"stop":1676176672116,"duration":1},"status":"skipped","statusMessage":"Cannot invoke \"org.openqa.selenium.WebDriver.get(String)\" because the return value of \"com.template.project.web.utils.WebDriverHolder.getDriver()\" is null","statusTrace":"java.lang.NullPointerException: Cannot invoke \"org.openqa.selenium.WebDriver.get(String)\" because the return value of \"com.template.project.web.utils.WebDriverHolder.getDriver()\" is null\n\tat com.template.project.web.utils.SeleniumUtils.openPage(SeleniumUtils.java:402)\n\tat com.template.project.web.tests.featureflow.KeyPressTest.setup(KeyPressTest.java:29)\n\tat java.base/jdk.internal.reflect.NativeMethodAccessorImpl.invoke0(Native Method)\n\tat java.base/jdk.internal.reflect.NativeMethodAccessorImpl.invoke(NativeMethodAccessorImpl.java:77)\n\tat java.base/jdk.internal.reflect.DelegatingMethodAccessorImpl.invoke(DelegatingMethodAccessorImpl.java:43)\n\tat java.base/java.lang.reflect.Method.invoke(Method.java:568)\n\tat org.testng.internal.invokers.MethodInvocationHelper.invokeMethod(MethodInvocationHelper.java:139)\n\tat org.testng.internal.invokers.MethodInvocationHelper.invokeMethodConsideringTimeout(MethodInvocationHelper.java:69)\n\tat org.testng.internal.invokers.ConfigInvoker.invokeConfigurationMethod(ConfigInvoker.java:361)\n\tat org.testng.internal.invokers.ConfigInvoker.invokeConfigurations(ConfigInvoker.java:296)\n\tat org.testng.internal.invokers.TestInvoker.runConfigMethods(TestInvoker.java:816)\n\tat org.testng.internal.invokers.TestInvoker.invokeMethod(TestInvoker.java:590)\n\tat org.testng.internal.invokers.TestInvoker.invokeTestMethod(TestInvoker.java:221)\n\tat org.testng.internal.invokers.MethodRunner.runInSequence(MethodRunner.java:50)\n\tat org.testng.internal.invokers.TestInvoker$MethodInvocationAgent.invoke(TestInvoker.java:962)\n\tat org.testng.internal.invokers.TestInvoker.invokeTestMethods(TestInvoker.java:194)\n\tat org.testng.internal.invokers.TestMethodWorker.invokeTestMethods(TestMethodWorker.java:148)\n\tat org.testng.internal.invokers.TestMethodWorker.run(TestMethodWorker.java:128)\n\tat java.base/java.util.ArrayList.forEach(ArrayList.java:1511)\n\tat org.testng.TestRunner.privateRun(TestRunner.java:806)\n\tat org.testng.TestRunner.run(TestRunner.java:601)\n\tat org.testng.SuiteRunner.runTest(SuiteRunner.java:433)\n\tat org.testng.SuiteRunner.runSequentially(SuiteRunner.java:427)\n\tat org.testng.SuiteRunner.privateRun(SuiteRunner.java:387)\n\tat org.testng.SuiteRunner.run(SuiteRunner.java:330)\n\tat org.testng.SuiteRunnerWorker.runSuite(SuiteRunnerWorker.java:52)\n\tat org.testng.SuiteRunnerWorker.run(SuiteRunnerWorker.java:95)\n\tat org.testng.TestNG.runSuitesSequentially(TestNG.java:1256)\n\tat org.testng.TestNG.runSuitesLocally(TestNG.java:1176)\n\tat org.testng.TestNG.runSuites(TestNG.java:1099)\n\tat org.testng.TestNG.run(TestNG.java:1067)\n\tat org.apache.maven.surefire.testng.TestNGExecutor.run(TestNGExecutor.java:324)\n\tat org.apache.maven.surefire.testng.TestNGXmlTestSuite.execute(TestNGXmlTestSuite.java:74)\n\tat org.apache.maven.surefire.testng.TestNGProvider.invoke(TestNGProvider.java:123)\n\tat org.apache.maven.surefire.booter.ForkedBooter.runSuitesInProcess(ForkedBooter.java:456)\n\tat org.apache.maven.surefire.booter.ForkedBooter.execute(ForkedBooter.java:169)\n\tat org.apache.maven.surefire.booter.ForkedBooter.run(ForkedBooter.java:595)\n\tat org.apache.maven.surefire.booter.ForkedBooter.main(ForkedBooter.java:581)\n","flaky":false,"newFailed":false,"newBroken":false,"newPassed":false,"retriesCount":0,"retriesStatusChange":false,"beforeStages":[{"name":"setUpBrowser","time":{"start":1676176671650,"stop":1676176672091,"duration":441},"description":"","status":"broken","statusMessage":"io.github.bonigarcia.wdm.config.WebDriverManagerException: Error HTTP 403 executing https://api.github.com/repos/mozilla/geckodriver/releases","statusTrace":"io.github.bonigarcia.wdm.config.WebDriverManagerException: io.github.bonigarcia.wdm.config.WebDriverManagerException: Error HTTP 403 executing https://api.github.com/repos/mozilla/geckodriver/releases\n\tat io.github.bonigarcia.wdm.WebDriverManager.handleException(WebDriverManager.java:1306)\n\tat io.github.bonigarcia.wdm.WebDriverManager.manage(WebDriverManager.java:1089)\n\tat io.github.bonigarcia.wdm.WebDriverManager.fallback(WebDriverManager.java:1322)\n\tat io.github.bonigarcia.wdm.WebDriverManager.handleException(WebDriverManager.java:1299)\n\tat io.github.bonigarcia.wdm.WebDriverManager.manage(WebDriverManager.java:1089)\n\tat io.github.bonigarcia.wdm.WebDriverManager.setup(WebDriverManager.java:396)\n\tat com.template.project.web.utils.BrowserFactory.setupWebDriverManager(BrowserFactory.java:65)\n\tat com.template.project.web.utils.BrowserFactory.getChromeBrowser(BrowserFactory.java:96)\n\tat com.template.project.web.utils.BrowserFactory.getBrowser(BrowserFactory.java:181)\n\tat com.template.project.web.utils.WebDriverHolder.setDriver(WebDriverHolder.java:23)\n\tat com.template.project.web.tests.common.BaseTest.setUpBrowser(BaseTest.java:25)\n\tat java.base/jdk.internal.reflect.NativeMethodAccessorImpl.invoke0(Native Method)\n\tat java.base/jdk.internal.reflect.NativeMethodAccessorImpl.invoke(NativeMethodAccessorImpl.java:77)\n\tat java.base/jdk.internal.reflect.DelegatingMethodAccessorImpl.invoke(DelegatingMethodAccessorImpl.java:43)\n\tat java.base/java.lang.reflect.Method.invoke(Method.java:568)\n\tat org.testng.internal.invokers.MethodInvocationHelper.invokeMethod(MethodInvocationHelper.java:139)\n\tat org.testng.internal.invokers.MethodInvocationHelper.invokeMethodConsideringTimeout(MethodInvocationHelper.java:69)\n\tat org.testng.internal.invokers.ConfigInvoker.invokeConfigurationMethod(ConfigInvoker.java:361)\n\tat org.testng.internal.invokers.ConfigInvoker.invokeConfigurations(ConfigInvoker.java:296)\n\tat org.testng.internal.invokers.TestInvoker.runConfigMethods(TestInvoker.java:816)\n\tat org.testng.internal.invokers.TestInvoker.invokeMethod(TestInvoker.java:590)\n\tat org.testng.internal.invokers.TestInvoker.invokeTestMethod(TestInvoker.java:221)\n\tat org.testng.internal.invokers.MethodRunner.runInSequence(MethodRunner.java:50)\n\tat org.testng.internal.invokers.TestInvoker$MethodInvocationAgent.invoke(TestInvoker.java:962)\n\tat org.testng.internal.invokers.TestInvoker.invokeTestMethods(TestInvoker.java:194)\n\tat org.testng.internal.invokers.TestMethodWorker.invokeTestMethods(TestMethodWorker.java:148)\n\tat org.testng.internal.invokers.TestMethodWorker.run(TestMethodWorker.java:128)\n\tat java.base/java.util.ArrayList.forEach(ArrayList.java:1511)\n\tat org.testng.TestRunner.privateRun(TestRunner.java:806)\n\tat org.testng.TestRunner.run(TestRunner.java:601)\n\tat org.testng.SuiteRunner.runTest(SuiteRunner.java:433)\n\tat org.testng.SuiteRunner.runSequentially(SuiteRunner.java:427)\n\tat org.testng.SuiteRunner.privateRun(SuiteRunner.java:387)\n\tat org.testng.SuiteRunner.run(SuiteRunner.java:330)\n\tat org.testng.SuiteRunnerWorker.runSuite(SuiteRunnerWorker.java:52)\n\tat org.testng.SuiteRunnerWorker.run(SuiteRunnerWorker.java:95)\n\tat org.testng.TestNG.runSuitesSequentially(TestNG.java:1256)\n\tat org.testng.TestNG.runSuitesLocally(TestNG.java:1176)\n\tat org.testng.TestNG.runSuites(TestNG.java:1099)\n\tat org.testng.TestNG.run(TestNG.java:1067)\n\tat org.apache.maven.surefire.testng.TestNGExecutor.run(TestNGExecutor.java:324)\n\tat org.apache.maven.surefire.testng.TestNGXmlTestSuite.execute(TestNGXmlTestSuite.java:74)\n\tat org.apache.maven.surefire.testng.TestNGProvider.invoke(TestNGProvider.java:123)\n\tat org.apache.maven.surefire.booter.ForkedBooter.runSuitesInProcess(ForkedBooter.java:456)\n\tat org.apache.maven.surefire.booter.ForkedBooter.execute(ForkedBooter.java:169)\n\tat org.apache.maven.surefire.booter.ForkedBooter.run(ForkedBooter.java:595)\n\tat org.apache.maven.surefire.booter.ForkedBooter.main(ForkedBooter.java:581)\nCaused by: io.github.bonigarcia.wdm.config.WebDriverManagerException: Error HTTP 403 executing https://api.github.com/repos/mozilla/geckodriver/releases\n\tat io.github.bonigarcia.wdm.online.HttpClient.execute(HttpClient.java:172)\n\tat io.github.bonigarcia.wdm.WebDriverManager.openGitHubConnection(WebDriverManager.java:1483)\n\tat io.github.bonigarcia.wdm.WebDriverManager.getDriversFromGitHub(WebDriverManager.java:1497)\n\tat io.github.bonigarcia.wdm.managers.FirefoxDriverManager.getDriverUrls(FirefoxDriverManager.java:102)\n\tat io.github.bonigarcia.wdm.WebDriverManager.createUrlHandler(WebDriverManager.java:1327)\n\tat io.github.bonigarcia.wdm.WebDriverManager.download(WebDriverManager.java:1165)\n\tat io.github.bonigarcia.wdm.WebDriverManager.manage(WebDriverManager.java:1083)\n\t... 45 more\n","steps":[],"attachments":[],"parameters":[],"stepsCount":0,"attachmentsCount":0,"shouldDisplayMessage":true,"hasContent":true},{"name":"setup","time":{"start":1676176672102,"stop":1676176672106,"duration":4},"description":"","status":"broken","statusMessage":"Cannot invoke \"org.openqa.selenium.WebDriver.get(String)\" because the return value of \"com.template.project.web.utils.WebDriverHolder.getDriver()\" is null","statusTrace":"java.lang.NullPointerException: Cannot invoke \"org.openqa.selenium.WebDriver.get(String)\" because the return value of \"com.template.project.web.utils.WebDriverHolder.getDriver()\" is null\n\tat com.template.project.web.utils.SeleniumUtils.openPage(SeleniumUtils.java:402)\n\tat com.template.project.web.tests.featureflow.KeyPressTest.setup(KeyPressTest.java:29)\n\tat java.base/jdk.internal.reflect.NativeMethodAccessorImpl.invoke0(Native Method)\n\tat java.base/jdk.internal.reflect.NativeMethodAccessorImpl.invoke(NativeMethodAccessorImpl.java:77)\n\tat java.base/jdk.internal.reflect.DelegatingMethodAccessorImpl.invoke(DelegatingMethodAccessorImpl.java:43)\n\tat java.base/java.lang.reflect.Method.invoke(Method.java:568)\n\tat org.testng.internal.invokers.MethodInvocationHelper.invokeMethod(MethodInvocationHelper.java:139)\n\tat org.testng.internal.invokers.MethodInvocationHelper.invokeMethodConsideringTimeout(MethodInvocationHelper.java:69)\n\tat org.testng.internal.invokers.ConfigInvoker.invokeConfigurationMethod(ConfigInvoker.java:361)\n\tat org.testng.internal.invokers.ConfigInvoker.invokeConfigurations(ConfigInvoker.java:296)\n\tat org.testng.internal.invokers.TestInvoker.runConfigMethods(TestInvoker.java:816)\n\tat org.testng.internal.invokers.TestInvoker.invokeMethod(TestInvoker.java:590)\n\tat org.testng.internal.invokers.TestInvoker.invokeTestMethod(TestInvoker.java:221)\n\tat org.testng.internal.invokers.MethodRunner.runInSequence(MethodRunner.java:50)\n\tat org.testng.internal.invokers.TestInvoker$MethodInvocationAgent.invoke(TestInvoker.java:962)\n\tat org.testng.internal.invokers.TestInvoker.invokeTestMethods(TestInvoker.java:194)\n\tat org.testng.internal.invokers.TestMethodWorker.invokeTestMethods(TestMethodWorker.java:148)\n\tat org.testng.internal.invokers.TestMethodWorker.run(TestMethodWorker.java:128)\n\tat java.base/java.util.ArrayList.forEach(ArrayList.java:1511)\n\tat org.testng.TestRunner.privateRun(TestRunner.java:806)\n\tat org.testng.TestRunner.run(TestRunner.java:601)\n\tat org.testng.SuiteRunner.runTest(SuiteRunner.java:433)\n\tat org.testng.SuiteRunner.runSequentially(SuiteRunner.java:427)\n\tat org.testng.SuiteRunner.privateRun(SuiteRunner.java:387)\n\tat org.testng.SuiteRunner.run(SuiteRunner.java:330)\n\tat org.testng.SuiteRunnerWorker.runSuite(SuiteRunnerWorker.java:52)\n\tat org.testng.SuiteRunnerWorker.run(SuiteRunnerWorker.java:95)\n\tat org.testng.TestNG.runSuitesSequentially(TestNG.java:1256)\n\tat org.testng.TestNG.runSuitesLocally(TestNG.java:1176)\n\tat org.testng.TestNG.runSuites(TestNG.java:1099)\n\tat org.testng.TestNG.run(TestNG.java:1067)\n\tat org.apache.maven.surefire.testng.TestNGExecutor.run(TestNGExecutor.java:324)\n\tat org.apache.maven.surefire.testng.TestNGXmlTestSuite.execute(TestNGXmlTestSuite.java:74)\n\tat org.apache.maven.surefire.testng.TestNGProvider.invoke(TestNGProvider.java:123)\n\tat org.apache.maven.surefire.booter.ForkedBooter.runSuitesInProcess(ForkedBooter.java:456)\n\tat org.apache.maven.surefire.booter.ForkedBooter.execute(ForkedBooter.java:169)\n\tat org.apache.maven.surefire.booter.ForkedBooter.run(ForkedBooter.java:595)\n\tat org.apache.maven.surefire.booter.ForkedBooter.main(ForkedBooter.java:581)\n","steps":[],"attachments":[],"parameters":[],"stepsCount":0,"attachmentsCount":0,"shouldDisplayMessage":true,"hasContent":true}],"afterStages":[{"name":"tearDown","time":{"start":1676176672117,"stop":1676176672120,"duration":3},"description":"","status":"passed","steps":[],"attachments":[],"parameters":[],"stepsCount":0,"attachmentsCount":0,"shouldDisplayMessage":false,"hasContent":false}],"labels":[{"name":"package","value":"com.template.project.web.tests.featureflow.KeyPressTest"},{"name":"testClass","value":"com.template.project.web.tests.featureflow.KeyPressTest"},{"name":"testMethod","value":"keyPressTest"},{"name":"parentSuite","value":"Complete Suite"},{"name":"suite","value":"Chrome Tests"},{"name":"subSuite","value":"com.template.project.web.tests.featureflow.KeyPressTest"},{"name":"host","value":"fv-az673-347"},{"name":"thread","value":"4212@fv-az673-347.main(1)"},{"name":"framework","value":"testng"},{"name":"language","value":"java"},{"name":"story","value":"Herokuapp Key Press"},{"name":"feature","value":"Herokuapp"},{"name":"resultFormat","value":"allure2"}],"parameters":[{"name":"arg0","value":"A"},{"name":"arg1","value":"A"},{"name":"browserName","value":"chrome"}],"links":[],"hidden":false,"retry":false,"extra":{"severity":"normal","retries":[],"categories":[],"history":{"statistic":{"failed":0,"broken":0,"skipped":2,"passed":18,"unknown":0,"total":20},"items":[{"uid":"abe7fc93a6cd85e9","reportUrl":"https://ParthibanRajasekaran.github.io/selenium-testng-pageobject-allure/16//#testresult/abe7fc93a6cd85e9","status":"passed","time":{"start":1676090311479,"stop":1676090311695,"duration":216}},{"uid":"5b7732ee69e22def","reportUrl":"https://ParthibanRajasekaran.github.io/selenium-testng-pageobject-allure/15//#testresult/5b7732ee69e22def","status":"passed","time":{"start":1676003979232,"stop":1676003979455,"duration":223}},{"uid":"bb177c1556c86ccf","reportUrl":"https://ParthibanRajasekaran.github.io/selenium-testng-pageobject-allure/14//#testresult/bb177c1556c86ccf","status":"passed","time":{"start":1675917560204,"stop":1675917560472,"duration":268}},{"uid":"53b435500557e8dd","reportUrl":"https://ParthibanRajasekaran.github.io/selenium-testng-pageobject-allure/13//#testresult/53b435500557e8dd","status":"passed","time":{"start":1675831189677,"stop":1675831189868,"duration":191}},{"uid":"12d2afc28ec9e664","reportUrl":"https://ParthibanRajasekaran.github.io/selenium-testng-pageobject-allure/12//#testresult/12d2afc28ec9e664","status":"passed","time":{"start":1675744715598,"stop":1675744715783,"duration":185}},{"uid":"ac0194747e426708","reportUrl":"https://ParthibanRajasekaran.github.io/selenium-testng-pageobject-allure/11//#testresult/ac0194747e426708","status":"passed","time":{"start":1675658359383,"stop":1675658359653,"duration":270}},{"uid":"45228cc8abd8c942","reportUrl":"https://ParthibanRajasekaran.github.io/selenium-testng-pageobject-allure/10//#testresult/45228cc8abd8c942","status":"passed","time":{"start":1675571907112,"stop":1675571907484,"duration":372}},{"uid":"ec0e6a5e8bbfa363","reportUrl":"https://ParthibanRajasekaran.github.io/selenium-testng-pageobject-allure/9//#testresult/ec0e6a5e8bbfa363","status":"passed","time":{"start":1675485456897,"stop":1675485457116,"duration":219}},{"uid":"171109d1094dcf13","reportUrl":"https://ParthibanRajasekaran.github.io/selenium-testng-pageobject-allure/8//#testresult/171109d1094dcf13","status":"passed","time":{"start":1675453614521,"stop":1675453614809,"duration":288}},{"uid":"352ab773499812b7","reportUrl":"https://ParthibanRajasekaran.github.io/selenium-testng-pageobject-allure/7//#testresult/352ab773499812b7","status":"passed","time":{"start":1675452857151,"stop":1675452857399,"duration":248}},{"uid":"a772d91a16256fe4","reportUrl":"https://ParthibanRajasekaran.github.io/selenium-testng-pageobject-allure/6//#testresult/a772d91a16256fe4","status":"passed","time":{"start":1675399172434,"stop":1675399172698,"duration":264}},{"uid":"8075f35c5ca6b95a","reportUrl":"https://ParthibanRajasekaran.github.io/selenium-testng-pageobject-allure/5//#testresult/8075f35c5ca6b95a","status":"skipped","statusDetails":"io.github.bonigarcia.wdm.config.WebDriverManagerException: Error HTTP 403 executing https://api.github.com/repos/SeleniumHQ/selenium/releases","time":{"start":1675312740152,"stop":1675312740153,"duration":1}},{"uid":"6eb13da957ea2ca4","reportUrl":"https://ParthibanRajasekaran.github.io/selenium-testng-pageobject-allure/4//#testresult/6eb13da957ea2ca4","status":"passed","time":{"start":1675226343120,"stop":1675226343322,"duration":202}},{"uid":"85d1289447575470","reportUrl":"https://ParthibanRajasekaran.github.io/selenium-testng-pageobject-allure/3//#testresult/85d1289447575470","status":"passed","time":{"start":1675139878783,"stop":1675139878986,"duration":203}},{"uid":"2f75a19294e6d4a8","reportUrl":"https://ParthibanRajasekaran.github.io/selenium-testng-pageobject-allure/2//#testresult/2f75a19294e6d4a8","status":"passed","time":{"start":1675099724622,"stop":1675099724830,"duration":208}},{"uid":"ab309cd78f7f8a7b","reportUrl":"https://ParthibanRajasekaran.github.io/selenium-testng-pageobject-allure/1//#testresult/ab309cd78f7f8a7b","status":"passed","time":{"start":1675099621228,"stop":1675099621480,"duration":252}},{"uid":"75b8485cca8163bf","reportUrl":"https://ParthibanRajasekaran.github.io/selenium-testng-pageobject-allure/5//#testresult/75b8485cca8163bf","status":"passed","time":{"start":1675099570468,"stop":1675099570769,"duration":301}},{"uid":"7c7f5464bd7030b1","reportUrl":"https://ParthibanRajasekaran.github.io/selenium-testng-pageobject-allure/4//#testresult/7c7f5464bd7030b1","status":"passed","time":{"start":1675098991085,"stop":1675098991300,"duration":215}},{"uid":"6ef219440a105fbe","reportUrl":"https://ParthibanRajasekaran.github.io/selenium-testng-pageobject-allure/3//#testresult/6ef219440a105fbe","status":"passed","time":{"start":1675098001044,"stop":1675098001281,"duration":237}}]},"tags":[]},"source":"477b34a49f5f6f77.json","parameterValues":["A","A","chrome"]}